[INFO] Scanning for projects...
[INFO] 
[INFO] -------------------------< com.bikeStore:demo >-------------------------
[INFO] Building bikeStore 0.0.1-SNAPSHOT
[INFO]   from pom.xml
[INFO] --------------------------------[ jar ]---------------------------------
[INFO] 
[INFO] >>> spring-boot:4.0.3:run (default-cli) > test-compile @ demo >>>
[INFO] 
[INFO] --- resources:3.3.1:resources (default-resources) @ demo ---
[INFO] Copying 1 resource from src\main\resources to target\classes
[INFO] Copying 0 resource from src\main\resources to target\classes
[INFO] 
[INFO] --- compiler:3.14.1:compile (default-compile) @ demo ---
[INFO] Nothing to compile - all classes are up to date.
[INFO] 
[INFO] --- resources:3.3.1:testResources (default-testResources) @ demo ---
[INFO] skip non existing resourceDirectory c:\Users\MI PC\OneDrive\Desktop\BikeStore\demo\src\test\resources
[INFO] 
[INFO] --- compiler:3.14.1:testCompile (default-testCompile) @ demo ---
[INFO] Nothing to compile - all classes are up to date.
[INFO] 
[INFO] <<< spring-boot:4.0.3:run (default-cli) < test-compile @ demo <<<
[INFO] 
[INFO] 
[INFO] --- spring-boot:4.0.3:run (default-cli) @ demo ---
[INFO] Attaching agents: []

  .   ____          _            __ _ _
 /\\ / ___'_ __ _ _(_)_ __  __ _ \ \ \ \
( ( )\___ | '_ | '_| | '_ \/ _` | \ \ \ \
 \\/  ___)| |_)| | | | | || (_| |  ) ) ) )
  '  |____| .__|_| |_|_| |_\__, | / / / /
 =========|_|==============|___/=/_/_/_/

 :: Spring Boot ::                (v4.0.3)

2026-03-23T21:55:51.512-05:00  INFO 36828 --- [bikeStore] [           main] c.bikeStore.demo.BikeStoreApplication    : Starting BikeStoreApplication using Java 25.0.1 with PID 36828 (C:\Users\MI PC\OneDrive\Desktop\BikeStore\demo\target\classes started by MI PC in c:\Users\MI PC\OneDrive\Desktop\BikeStore\demo)
2026-03-23T21:55:51.516-05:00  INFO 36828 --- [bikeStore] [           main] c.bikeStore.demo.BikeStoreApplication    : The following 1 profile is active: "dev"
2026-03-23T21:55:51.601-05:00  INFO 36828 --- [bikeStore] [           main] .s.b.d.c.l.DockerComposeLifecycleManager : Using Docker Compose file C:\Users\MI PC\OneDrive\Desktop\BikeStore\demo\docker-compose.yml
2026-03-23T21:55:52.993-05:00  INFO 36828 --- [bikeStore] [           main] .s.b.d.c.l.DockerComposeLifecycleManager : There are already Docker Compose services running, skipping startup
2026-03-23T21:55:54.438-05:00  INFO 36828 --- [bikeStore] [           main] .s.d.r.c.RepositoryConfigurationDelegate : Bootstrapping Spring Data JPA repositories in DEFAULT mode.
2026-03-23T21:55:54.530-05:00  INFO 36828 --- [bikeStore] [           main] .s.d.r.c.RepositoryConfigurationDelegate : Finished Spring Data repository scanning in 83 ms. Found 8 JPA repository interfaces.
2026-03-23T21:55:55.377-05:00  INFO 36828 --- [bikeStore] [           main] o.s.boot.tomcat.TomcatWebServer          : Tomcat initialized with port 8080 (http)
2026-03-23T21:55:55.395-05:00  INFO 36828 --- [bikeStore] [           main] o.apache.catalina.core.StandardService   : Starting service [Tomcat]
2026-03-23T21:55:55.395-05:00  INFO 36828 --- [bikeStore] [           main] o.apache.catalina.core.StandardEngine    : Starting Servlet engine: [Apache Tomcat/11.0.18]
2026-03-23T21:55:55.499-05:00  INFO 36828 --- [bikeStore] [           main] b.w.c.s.WebApplicationContextInitializer : Root WebApplicationContext: initialization completed in 2282 ms
2026-03-23T21:55:55.665-05:00  INFO 36828 --- [bikeStore] [           main] org.hibernate.orm.jpa                    : HHH008540: Processing PersistenceUnitInfo [name: default]
2026-03-23T21:55:55.724-05:00  INFO 36828 --- [bikeStore] [           main] org.hibernate.orm.core                   : HHH000001: Hibernate ORM core version 7.2.4.Final
2026-03-23T21:55:56.222-05:00  INFO 36828 --- [bikeStore] [           main] o.s.o.j.p.SpringPersistenceUnitInfo      : No LoadTimeWeaver setup: ignoring JPA class transformer
2026-03-23T21:55:56.273-05:00  INFO 36828 --- [bikeStore] [           main] com.zaxxer.hikari.HikariDataSource       : HikariPool-1 - Starting...
2026-03-23T21:55:56.795-05:00  INFO 36828 --- [bikeStore] [           main] com.zaxxer.hikari.pool.HikariPool        : HikariPool-1 - Added connection com.mysql.cj.jdbc.ConnectionImpl@5d373794
2026-03-23T21:55:56.798-05:00  INFO 36828 --- [bikeStore] [           main] com.zaxxer.hikari.HikariDataSource       : HikariPool-1 - Start completed.
2026-03-23T21:55:56.890-05:00  INFO 36828 --- [bikeStore] [           main] org.hibernate.orm.connections.pooling    : HHH10001005: Database info:
	Database JDBC URL [jdbc:mysql://127.0.0.1:3306/bikestore]
	Database driver: MySQL Connector/J
	Database dialect: MySQLDialect
	Database version: 8.0.45
	Default catalog/schema: bikestore/undefined
	Autocommit mode: undefined/unknown
	Isolation level: REPEATABLE_READ [default REPEATABLE_READ]
	JDBC fetch size: none
	Pool: DataSourceConnectionProvider
	Minimum pool size: undefined/unknown
	Maximum pool size: undefined/unknown
2026-03-23T21:55:58.562-05:00  INFO 36828 --- [bikeStore] [           main] org.hibernate.orm.core                   : HHH000489: No JTA platform available (set 'hibernate.transaction.jta.platform' to enable JTA platform integration)
Hibernate: 
    alter table bicicleta 
       modify column tipo enum ('CARRETERA','ELETRICAS','GRAVEL','HIBRIDAS','MONTANA','PLEGABLES')
2026-03-23T21:55:58.721-05:00  INFO 36828 --- [bikeStore] [           main] j.LocalContainerEntityManagerFactoryBean : Initialized JPA EntityManagerFactory for persistence unit 'default'
2026-03-23T21:55:58.810-05:00  INFO 36828 --- [bikeStore] [           main] o.s.d.j.r.query.QueryEnhancerFactories   : Hibernate is in classpath; If applicable, HQL parser will be used.
2026-03-23T21:55:59.554-05:00  WARN 36828 --- [bikeStore] [           main] JpaBaseConfiguration$JpaWebConfiguration : spring.jpa.open-in-view is enabled by default. Therefore, database queries may be performed during view rendering. Explicitly configure spring.jpa.open-in-view to disable this warning
2026-03-23T21:55:59.638-05:00  INFO 36828 --- [bikeStore] [           main] r$InitializeUserDetailsManagerConfigurer : Global AuthenticationManager configured with UserDetailsService bean with name userDetailsService
2026-03-23T21:56:00.534-05:00  WARN 36828 --- [bikeStore] [           main] ConfigServletWebServerApplicationContext : Exception encountered during context initialization - cancelling refresh attempt: org.springframework.context.ApplicationContextException: Failed to start bean 'webServerStartStop'
2026-03-23T21:56:00.540-05:00  INFO 36828 --- [bikeStore] [           main] j.LocalContainerEntityManagerFactoryBean : Closing JPA EntityManagerFactory for persistence unit 'default'
2026-03-23T21:56:00.543-05:00  INFO 36828 --- [bikeStore] [           main] com.zaxxer.hikari.HikariDataSource       : HikariPool-1 - Shutdown initiated...
2026-03-23T21:56:00.557-05:00  INFO 36828 --- [bikeStore] [           main] com.zaxxer.hikari.HikariDataSource       : HikariPool-1 - Shutdown completed.
2026-03-23T21:56:00.571-05:00  INFO 36828 --- [bikeStore] [           main] .s.b.a.l.ConditionEvaluationReportLogger : 

Error starting ApplicationContext. To display the condition evaluation report re-run your application with 'debug' enabled.
2026-03-23T21:56:00.587-05:00 ERROR 36828 --- [bikeStore] [           main] o.s.b.d.LoggingFailureAnalysisReporter   : 

***************************
APPLICATION FAILED TO START
***************************

Description:

Web server failed to start. Port 8080 was already in use.

Action:

Identify and stop the process that's listening on port 8080 or configure this application to listen on another port.

[INFO] ------------------------------------------------------------------------
[INFO] BUILD FAILURE
[INFO] ------------------------------------------------------------------------
[INFO] Total time:  13.032 s
[INFO] Finished at: 2026-03-23T21:56:00-05:00
[INFO] ------------------------------------------------------------------------
[ERROR] Failed to execute goal org.springframework.boot:spring-boot-maven-plugin:4.0.3:run (default-cli) on project demo: Process terminated with exit code: 1 -> [Help 1]
[ERROR] 
[ERROR] To see the full stack trace of the errors, re-run Maven with the -e switch.
[ERROR] Re-run Maven using the -X switch to enable full debug logging.
[ERROR] 
[ERROR] For more information about the errors and possible solutions, please read the following articles:
[ERROR] [Help 1] http://cwiki.apache.org/confluence/display/MAVEN/MojoExecutionException
